[0m15:10:51.042782 [debug] [MainThread]: Sending event: {'category': 'dbt', 'action': 'invocation', 'label': 'start', 'context': [<snowplow_tracker.self_describing_json.SelfDescribingJson object at 0x10910bc50>, <snowplow_tracker.self_describing_json.SelfDescribingJson object at 0x108b62850>, <snowplow_tracker.self_describing_json.SelfDescribingJson object at 0x10916ffd0>]}


============================== 15:10:51.044774 | b2632457-fc47-4f4a-88b1-b7fd516994fd ==============================
[0m15:10:51.044774 [info ] [MainThread]: Running with dbt=1.8.2
[0m15:10:51.045009 [debug] [MainThread]: running dbt with arguments {'printer_width': '80', 'indirect_selection': 'eager', 'log_cache_events': 'False', 'write_json': 'True', 'partial_parse': 'True', 'cache_selected_only': 'False', 'profiles_dir': '/Users/carloshenrqiuecoelhomoreira/.dbt', 'debug': 'False', 'version_check': 'True', 'log_path': 'logs', 'warn_error': 'None', 'fail_fast': 'False', 'use_colors': 'True', 'use_experimental_parser': 'False', 'no_print': 'None', 'quiet': 'False', 'log_format': 'default', 'static_parser': 'True', 'invocation_command': 'dbt init jaffle_shop', 'warn_error_options': 'WarnErrorOptions(include=[], exclude=[])', 'target_path': 'None', 'introspect': 'True', 'send_anonymous_usage_stats': 'True'}
[0m15:10:51.051228 [debug] [MainThread]: Starter project path: /Users/carloshenrqiuecoelhomoreira/Documents/dbt Morden WareHouse/venv/lib/python3.11/site-packages/dbt/include/starter_project
[0m15:10:51.054727 [info ] [MainThread]: 
Your new dbt project "jaffle_shop" was created!

For more information on how to configure the profiles.yml file,
please consult the dbt documentation here:

  https://docs.getdbt.com/docs/configure-your-profile

One more thing:

Need help? Don't hesitate to reach out to us via GitHub issues or on Slack:

  https://community.getdbt.com/

Happy modeling!

[0m15:10:51.054960 [info ] [MainThread]: Setting up your profile.
[0m15:14:05.747310 [info ] [MainThread]: Profile jaffle_shop written to /Users/carloshenrqiuecoelhomoreira/.dbt/profiles.yml using target's profile_template.yml and your supplied values. Run 'dbt debug' to validate the connection.
[0m15:14:05.751636 [debug] [MainThread]: Resource report: {"command_name": "init", "command_success": true, "command_wall_clock_time": 194.73822, "process_user_time": 0.54187, "process_kernel_time": 0.112495, "process_mem_max_rss": "107724800", "process_in_blocks": "0", "process_out_blocks": "0"}
[0m15:14:05.752457 [debug] [MainThread]: Command `dbt init` succeeded at 15:14:05.752334 after 194.74 seconds
[0m15:14:05.753054 [debug] [MainThread]: Sending event: {'category': 'dbt', 'action': 'invocation', 'label': 'end', 'context': [<snowplow_tracker.self_describing_json.SelfDescribingJson object at 0x109060250>, <snowplow_tracker.self_describing_json.SelfDescribingJson object at 0x10916fd50>, <snowplow_tracker.self_describing_json.SelfDescribingJson object at 0x10916fe10>]}
[0m15:14:05.753966 [debug] [MainThread]: Flushing usage events
